<?xml version="1.0" encoding="UTF-8"?>
<!-- Generated by org.testng.reporters.JUnitXMLReporter -->
<testsuite hostname="LAPTOP-I6KPTFTN" name="Default test" tests="7" failures="0" timestamp="30 Mar 2020 08:17:42 GMT" time="0.031" errors="0">
  <testcase name="test5" time="0.0" classname="Maven.TestNgF.TestSample"/>
  <testcase name="test7" time="0.0" classname="Maven.TestNgF.TestSample"/>
  <testcase name="test2" time="0.0" classname="Maven.TestNgF.TestSample"/>
  <testcase name="test3" time="0.0" classname="Maven.TestNgF.TestSample"/>
  <testcase name="test4" time="0.0" classname="Maven.TestNgF.TestSample"/>
  <testcase name="test8" time="0.0" classname="Maven.TestNgF.TestSample"/>
  <testcase name="test6" time="0.0" classname="Maven.TestNgF.TestSample"/>
</testsuite> <!-- Default test -->
