<?xml version="1.0" encoding="UTF-8"?>
<!-- Generated by org.testng.reporters.JUnitXMLReporter -->
<testsuite hostname="LAPTOP-I6KPTFTN" name="Test" tests="9" failures="1" timestamp="30 Mar 2020 08:28:19 GMT" time="0.047" errors="0">
  <testcase name="test5" time="0.016" classname="Maven.TestNgF.TestSample"/>
  <testcase name="test7" time="0.0" classname="Maven.TestNgF.TestSample"/>
  <testcase name="test2" time="0.0" classname="Maven.TestNgF.TestSample">
    <failure type="java.lang.AssertionError" message="expected [true] but found [false]">
      <![CDATA[java.lang.AssertionError: expected [true] but found [false]
	at Maven.TestNgF.TestSample.test2(TestSample.java:47)
... Removed 29 stack frames]]>
    </failure>
  </testcase> <!-- test2 -->
  <testcase name="test3" time="0.0" classname="Maven.TestNgF.TestSample"/>
  <testcase name="test4" time="0.0" classname="Maven.TestNgF.TestSample"/>
  <testcase name="test8" time="0.0" classname="Maven.TestNgF.TestSample"/>
  <testcase name="test9" time="0.0" classname="Maven.TestNgF.Tstng"/>
  <testcase name="test99" time="0.0" classname="Maven.TestNgF.Tstng"/>
  <testcase name="test6" time="0.0" classname="Maven.TestNgF.TestSample"/>
</testsuite> <!-- Test -->
