<?xml version="1.0" encoding="UTF-8"?>
<testng-results skipped="0" failed="1" total="9" passed="8">
  <reporter-output>
  </reporter-output>
  <suite name="Suite" duration-ms="47" started-at="2020-03-30T08:28:19Z" finished-at="2020-03-30T08:28:19Z">
    <groups>
      <group name="odd">
        <method signature="TestSample.test5()[pri:0, instance:Maven.TestNgF.TestSample@16a51ab]" name="test5" class="Maven.TestNgF.TestSample"/>
      </group> <!-- odd -->
    </groups>
    <test name="Test" duration-ms="47" started-at="2020-03-30T08:28:19Z" finished-at="2020-03-30T08:28:19Z">
      <class name="Maven.TestNgF.TestSample">
        <test-method status="PASS" signature="beforeSuite()[pri:0, instance:Maven.TestNgF.TestSample@16a51ab]" name="beforeSuite" is-config="true" duration-ms="0" started-at="2020-03-30T13:58:19Z" finished-at="2020-03-30T13:58:19Z">
          <reporter-output>
          </reporter-output>
        </test-method> <!-- beforeSuite -->
        <test-method status="PASS" signature="beforeTest()[pri:0, instance:Maven.TestNgF.TestSample@16a51ab]" name="beforeTest" is-config="true" duration-ms="0" started-at="2020-03-30T13:58:19Z" finished-at="2020-03-30T13:58:19Z">
          <reporter-output>
          </reporter-output>
        </test-method> <!-- beforeTest -->
        <test-method status="PASS" signature="beforeClass()[pri:0, instance:Maven.TestNgF.TestSample@16a51ab]" name="beforeClass" is-config="true" duration-ms="0" started-at="2020-03-30T13:58:19Z" finished-at="2020-03-30T13:58:19Z">
          <reporter-output>
          </reporter-output>
        </test-method> <!-- beforeClass -->
        <test-method status="PASS" signature="test5()[pri:0, instance:Maven.TestNgF.TestSample@16a51ab]" name="test5" duration-ms="16" started-at="2020-03-30T13:58:19Z" finished-at="2020-03-30T13:58:19Z">
          <reporter-output>
          </reporter-output>
        </test-method> <!-- test5 -->
        <test-method status="PASS" signature="beforeMethod()[pri:0, instance:Maven.TestNgF.TestSample@16a51ab]" name="beforeMethod" is-config="true" duration-ms="0" started-at="2020-03-30T13:58:19Z" finished-at="2020-03-30T13:58:19Z">
          <reporter-output>
          </reporter-output>
        </test-method> <!-- beforeMethod -->
        <test-method status="PASS" signature="beforeMethod()[pri:0, instance:Maven.TestNgF.TestSample@16a51ab]" name="beforeMethod" is-config="true" duration-ms="0" started-at="2020-03-30T13:58:19Z" finished-at="2020-03-30T13:58:19Z">
          <reporter-output>
          </reporter-output>
        </test-method> <!-- beforeMethod -->
        <test-method status="PASS" signature="beforeMethod()[pri:0, instance:Maven.TestNgF.TestSample@16a51ab]" name="beforeMethod" is-config="true" duration-ms="0" started-at="2020-03-30T13:58:19Z" finished-at="2020-03-30T13:58:19Z">
          <reporter-output>
          </reporter-output>
        </test-method> <!-- beforeMethod -->
        <test-method status="PASS" signature="test7()[pri:0, instance:Maven.TestNgF.TestSample@16a51ab]" name="test7" duration-ms="0" started-at="2020-03-30T13:58:19Z" finished-at="2020-03-30T13:58:19Z">
          <reporter-output>
          </reporter-output>
        </test-method> <!-- test7 -->
        <test-method status="PASS" signature="afterMethod()[pri:0, instance:Maven.TestNgF.TestSample@16a51ab]" name="afterMethod" is-config="true" duration-ms="0" started-at="2020-03-30T13:58:19Z" finished-at="2020-03-30T13:58:19Z">
          <reporter-output>
          </reporter-output>
        </test-method> <!-- afterMethod -->
        <test-method status="PASS" signature="test4()[pri:0, instance:Maven.TestNgF.TestSample@16a51ab]" name="test4" duration-ms="0" started-at="2020-03-30T13:58:19Z" finished-at="2020-03-30T13:58:19Z">
          <reporter-output>
          </reporter-output>
        </test-method> <!-- test4 -->
        <test-method status="PASS" signature="test3()[pri:0, instance:Maven.TestNgF.TestSample@16a51ab]" name="test3" duration-ms="0" started-at="2020-03-30T13:58:19Z" finished-at="2020-03-30T13:58:19Z">
          <reporter-output>
          </reporter-output>
        </test-method> <!-- test3 -->
        <test-method status="PASS" signature="beforeMethod()[pri:0, instance:Maven.TestNgF.TestSample@16a51ab]" name="beforeMethod" is-config="true" duration-ms="0" started-at="2020-03-30T13:58:19Z" finished-at="2020-03-30T13:58:19Z">
          <reporter-output>
          </reporter-output>
        </test-method> <!-- beforeMethod -->
        <test-method status="PASS" signature="beforeMethod()[pri:0, instance:Maven.TestNgF.TestSample@16a51ab]" name="beforeMethod" is-config="true" duration-ms="0" started-at="2020-03-30T13:58:19Z" finished-at="2020-03-30T13:58:19Z">
          <reporter-output>
          </reporter-output>
        </test-method> <!-- beforeMethod -->
        <test-method status="PASS" signature="afterMethod()[pri:0, instance:Maven.TestNgF.TestSample@16a51ab]" name="afterMethod" is-config="true" duration-ms="0" started-at="2020-03-30T13:58:19Z" finished-at="2020-03-30T13:58:19Z">
          <reporter-output>
          </reporter-output>
        </test-method> <!-- afterMethod -->
        <test-method status="PASS" signature="afterMethod()[pri:0, instance:Maven.TestNgF.TestSample@16a51ab]" name="afterMethod" is-config="true" duration-ms="0" started-at="2020-03-30T13:58:19Z" finished-at="2020-03-30T13:58:19Z">
          <reporter-output>
          </reporter-output>
        </test-method> <!-- afterMethod -->
        <test-method status="PASS" signature="afterMethod()[pri:0, instance:Maven.TestNgF.TestSample@16a51ab]" name="afterMethod" is-config="true" duration-ms="0" started-at="2020-03-30T13:58:19Z" finished-at="2020-03-30T13:58:19Z">
          <reporter-output>
          </reporter-output>
        </test-method> <!-- afterMethod -->
        <test-method status="FAIL" signature="test2()[pri:0, instance:Maven.TestNgF.TestSample@16a51ab]" name="test2" duration-ms="0" started-at="2020-03-30T13:58:19Z" finished-at="2020-03-30T13:58:19Z">
          <exception class="java.lang.AssertionError">
            <message>
              <![CDATA[expected [true] but found [false]]]>
            </message>
            <full-stacktrace>
              <![CDATA[java.lang.AssertionError: expected [true] but found [false]
	at org.testng.Assert.fail(Assert.java:94)
	at org.testng.Assert.failNotEquals(Assert.java:513)
	at org.testng.Assert.assertTrue(Assert.java:42)
	at org.testng.Assert.assertTrue(Assert.java:52)
	at Maven.TestNgF.TestSample.test2(TestSample.java:47)
	at sun.reflect.NativeMethodAccessorImpl.invoke0(Native Method)
	at sun.reflect.NativeMethodAccessorImpl.invoke(Unknown Source)
	at sun.reflect.DelegatingMethodAccessorImpl.invoke(Unknown Source)
	at java.lang.reflect.Method.invoke(Unknown Source)
	at org.testng.internal.MethodInvocationHelper.invokeMethod(MethodInvocationHelper.java:100)
	at org.testng.internal.Invoker.invokeMethod(Invoker.java:646)
	at org.testng.internal.Invoker.invokeTestMethod(Invoker.java:811)
	at org.testng.internal.Invoker.invokeTestMethods(Invoker.java:1129)
	at org.testng.internal.TestMethodWorker.invokeTestMethods(TestMethodWorker.java:129)
	at org.testng.internal.TestMethodWorker.run(TestMethodWorker.java:112)
	at org.testng.TestRunner.privateRun(TestRunner.java:746)
	at org.testng.TestRunner.run(TestRunner.java:600)
	at org.testng.SuiteRunner.runTest(SuiteRunner.java:366)
	at org.testng.SuiteRunner.runSequentially(SuiteRunner.java:361)
	at org.testng.SuiteRunner.privateRun(SuiteRunner.java:319)
	at org.testng.SuiteRunner.run(SuiteRunner.java:268)
	at org.testng.SuiteRunnerWorker.runSuite(SuiteRunnerWorker.java:52)
	at org.testng.SuiteRunnerWorker.run(SuiteRunnerWorker.java:86)
	at org.testng.TestNG.runSuitesSequentially(TestNG.java:1264)
	at org.testng.TestNG.runSuitesLocally(TestNG.java:1189)
	at org.testng.TestNG.runSuites(TestNG.java:1104)
	at org.testng.TestNG.run(TestNG.java:1076)
	at org.testng.remote.AbstractRemoteTestNG.run(AbstractRemoteTestNG.java:126)
	at org.testng.remote.RemoteTestNG.initAndRun(RemoteTestNG.java:152)
	at org.testng.remote.RemoteTestNG.main(RemoteTestNG.java:57)
]]>
            </full-stacktrace>
          </exception> <!-- java.lang.AssertionError -->
          <reporter-output>
          </reporter-output>
        </test-method> <!-- test2 -->
        <test-method status="PASS" signature="afterClass()[pri:0, instance:Maven.TestNgF.TestSample@16a51ab]" name="afterClass" is-config="true" duration-ms="0" started-at="2020-03-30T13:58:19Z" finished-at="2020-03-30T13:58:19Z">
          <reporter-output>
          </reporter-output>
        </test-method> <!-- afterClass -->
        <test-method status="PASS" signature="afterMethod()[pri:0, instance:Maven.TestNgF.TestSample@16a51ab]" name="afterMethod" is-config="true" duration-ms="0" started-at="2020-03-30T13:58:19Z" finished-at="2020-03-30T13:58:19Z">
          <reporter-output>
          </reporter-output>
        </test-method> <!-- afterMethod -->
        <test-method status="PASS" signature="beforeMethod()[pri:0, instance:Maven.TestNgF.TestSample@16a51ab]" name="beforeMethod" is-config="true" duration-ms="0" started-at="2020-03-30T13:58:19Z" finished-at="2020-03-30T13:58:19Z">
          <reporter-output>
          </reporter-output>
        </test-method> <!-- beforeMethod -->
        <test-method status="PASS" signature="test6()[pri:0, instance:Maven.TestNgF.TestSample@16a51ab]" name="test6" duration-ms="0" depends-on-groups="odd" started-at="2020-03-30T13:58:19Z" finished-at="2020-03-30T13:58:19Z">
          <reporter-output>
          </reporter-output>
        </test-method> <!-- test6 -->
        <test-method status="PASS" signature="afterTest()[pri:0, instance:Maven.TestNgF.TestSample@16a51ab]" name="afterTest" is-config="true" duration-ms="0" started-at="2020-03-30T13:58:19Z" finished-at="2020-03-30T13:58:19Z">
          <reporter-output>
          </reporter-output>
        </test-method> <!-- afterTest -->
        <test-method status="PASS" signature="test8()[pri:0, instance:Maven.TestNgF.TestSample@16a51ab]" name="test8" duration-ms="0" started-at="2020-03-30T13:58:19Z" finished-at="2020-03-30T13:58:19Z">
          <reporter-output>
          </reporter-output>
        </test-method> <!-- test8 -->
        <test-method status="PASS" signature="afterMethod()[pri:0, instance:Maven.TestNgF.TestSample@16a51ab]" name="afterMethod" is-config="true" duration-ms="0" started-at="2020-03-30T13:58:19Z" finished-at="2020-03-30T13:58:19Z">
          <reporter-output>
          </reporter-output>
        </test-method> <!-- afterMethod -->
        <test-method status="PASS" signature="beforeMethod()[pri:0, instance:Maven.TestNgF.TestSample@16a51ab]" name="beforeMethod" is-config="true" duration-ms="0" started-at="2020-03-30T13:58:19Z" finished-at="2020-03-30T13:58:19Z">
          <reporter-output>
          </reporter-output>
        </test-method> <!-- beforeMethod -->
        <test-method status="PASS" signature="afterMethod()[pri:0, instance:Maven.TestNgF.TestSample@16a51ab]" name="afterMethod" is-config="true" duration-ms="0" started-at="2020-03-30T13:58:19Z" finished-at="2020-03-30T13:58:19Z">
          <reporter-output>
          </reporter-output>
        </test-method> <!-- afterMethod -->
        <test-method status="PASS" signature="afterSuite()[pri:0, instance:Maven.TestNgF.TestSample@16a51ab]" name="afterSuite" is-config="true" duration-ms="0" started-at="2020-03-30T13:58:19Z" finished-at="2020-03-30T13:58:19Z">
          <reporter-output>
          </reporter-output>
        </test-method> <!-- afterSuite -->
      </class> <!-- Maven.TestNgF.TestSample -->
      <class name="Maven.TestNgF.Tstng">
        <test-method status="PASS" signature="test9()[pri:0, instance:Maven.TestNgF.Tstng@19a81e8]" name="test9" duration-ms="0" started-at="2020-03-30T13:58:19Z" finished-at="2020-03-30T13:58:19Z">
          <reporter-output>
          </reporter-output>
        </test-method> <!-- test9 -->
        <test-method status="PASS" signature="test99()[pri:0, instance:Maven.TestNgF.Tstng@19a81e8]" name="test99" duration-ms="0" started-at="2020-03-30T13:58:19Z" finished-at="2020-03-30T13:58:19Z">
          <reporter-output>
          </reporter-output>
        </test-method> <!-- test99 -->
      </class> <!-- Maven.TestNgF.Tstng -->
    </test> <!-- Test -->
  </suite> <!-- Suite -->
</testng-results>
